This is pdfTeXk, Version 3.141592-1.40.3 (Web2C 7.5.6) (format=latex 2007.5.18)  30 APR 2008 11:49
entering extended mode
 %&-line parsing enabled.
**\makeatletter\def\HCode{\futurelet\HCode\HChar}\def\HChar{\ifx"\HCode\def\HCo
de"##1"{\Link##1}\expandafter\HCode\else\expandafter\Link\fi}\def\Link#1.a.b.c.
{\g@addto@macro\@documentclasshook{\RequirePackage[#1,html]{tex4ht}}\let\HCode\
documentstyle\def\documentstyle{\let\documentstyle\HCode\expandafter\def\csname
 tex4ht\endcsname{#1,html}\def\HCode####1{\documentstyle[tex4ht,}\@ifnextchar[{
\HCode}{\documentstyle[tex4ht]}}}\makeatother\HCode .a.b.c.\input  Lab2
(./Lab2.tex (/usr/local/texlive/2007/texmf-dist/tex/latex/base/article.cls
Document Class: article 2005/09/16 v1.4f Standard LaTeX document class
(/usr/local/texlive/2007/texmf-dist/tex/latex/base/size11.clo
File: size11.clo 2005/09/16 v1.4f Standard LaTeX file (size option)
)
\c@part=\count79
\c@section=\count80
\c@subsection=\count81
\c@subsubsection=\count82
\c@paragraph=\count83
\c@subparagraph=\count84
\c@figure=\count85
\c@table=\count86
\abovecaptionskip=\skip41
\belowcaptionskip=\skip42
\bibindent=\dimen102
)
(/usr/local/texlive/2007/texmf-dist/tex/generic/tex4ht/tex4ht.sty
version 2006-10-28-15:32
Package: tex4ht 
--------------------------------------
--- Note --- for _ at preamble, use the command line option `early_'
--------------------------------------
--------------------------------------
--- Note --- for ^ at preamble, use the command line option `early^'
--------------------------------------
)
(/usr/local/texlive/2007/texmf-dist/tex/generic/tex4ht/usepackage.4ht
version 2007-01-03-21:02
)
(/usr/local/texlive/2007/texmf-dist/tex/latex/amsmath/amsmath.sty
Package: amsmath 2000/07/18 v2.13 AMS math features
\@mathmargin=\skip43

For additional information on amsmath, use the `?' option.
(/usr/local/texlive/2007/texmf-dist/tex/latex/amsmath/amstext.sty
Package: amstext 2000/06/29 v2.01

(/usr/local/texlive/2007/texmf-dist/tex/latex/amsmath/amsgen.sty
File: amsgen.sty 1999/11/30 v2.0
\@emptytoks=\toks14
\ex@=\dimen103
))
(/usr/local/texlive/2007/texmf-dist/tex/latex/amsmath/amsbsy.sty
Package: amsbsy 1999/11/29 v1.2d
\pmbraise@=\dimen104
)
(/usr/local/texlive/2007/texmf-dist/tex/latex/amsmath/amsopn.sty
Package: amsopn 1999/12/14 v2.01 operator names
)
\inf@bad=\count87
LaTeX Info: Redefining \frac on input line 211.
\uproot@=\count88
\leftroot@=\count89
LaTeX Info: Redefining \overline on input line 307.
\classnum@=\count90
\DOTSCASE@=\count91
LaTeX Info: Redefining \ldots on input line 379.
LaTeX Info: Redefining \dots on input line 382.
LaTeX Info: Redefining \cdots on input line 467.
\Mathstrutbox@=\box26
\strutbox@=\box27
\big@size=\dimen105
LaTeX Font Info:    Redeclaring font encoding OML on input line 567.
LaTeX Font Info:    Redeclaring font encoding OMS on input line 568.
\macc@depth=\count92
\c@MaxMatrixCols=\count93
\dotsspace@=\muskip10
\c@parentequation=\count94
\dspbrk@lvl=\count95
\tag@help=\toks15
\row@=\count96
\column@=\count97
\maxfields@=\count98
\andhelp@=\toks16
\eqnshift@=\dimen106
\alignsep@=\dimen107
\tagshift@=\dimen108
\tagwidth@=\dimen109
\totwidth@=\dimen110
\lineht@=\dimen111
\@envbody=\toks17
\multlinegap=\skip44
\multlinetaggap=\skip45
\mathdisplay@stack=\toks18
LaTeX Info: Redefining \[ on input line 2666.
LaTeX Info: Redefining \] on input line 2667.
)
(/usr/local/texlive/2007/texmf-dist/tex/generic/tex4ht/tex4ht.4ht
version 2006-02-22-12:25
--------------------------------------
--- Note --- for additional information, use the command line option `info'
--------------------------------------

::::::::::::::::::::::::::::::::::::::::::
 TeX4ht info is available in the log file 
::::::::::::::::::::::::::::::::::::::::::
) (/usr/local/texlive/2007/texmf-dist/tex/generic/tex4ht/tex4ht.sty
version 2006-10-28-15:32

--- needs --- tex4ht Lab2 ---
\tmp:cnt=\count99
\openout15 = `Lab2.tmp'.

(./Lab2.tmp)
\tmp:toks=\toks19
\tmp:dim=\skip46
--------------------------------------
--- Note --- for XML code, use the command line option `xml' or `xhtml'
--------------------------------------
 (./Lab2.xref)
\:refout=\write3
\openout3 = `Lab2.xref'.


(/usr/local/texlive/2007/texmf-dist/tex/generic/tex4ht/html4.4ht
version 2007-01-02-13:00
--------------------------------------
--- Note --- to remove the DOCTYPE declaration use the command line option `no-
DOCTYPE'
--------------------------------------
)
(/usr/local/texlive/2007/texmf-dist/tex/generic/tex4ht/html4-math.4ht
version 2007-01-02-13:00
)
--------------------------------------
--- Note --- for marking of the base font, use the command line option `fonts+'

--------------------------------------
--------------------------------------
--- Note --- for non active _, use the command line option `no_'
--------------------------------------
--------------------------------------
--- Note --- for _ of catcode 13, use the command line option `_13'
--------------------------------------
--------------------------------------
--- Note --- for non active ^, use the command line option `no^'
--------------------------------------
--------------------------------------
--- Note --- for ^ of catcode 13, use the command line option `^13'
--------------------------------------

(/usr/local/texlive/2007/texmf-dist/tex/generic/tex4ht/html4.4ht
version 2007-01-02-13:00
--------------------------------------
--- Note --- for alternative charset, use the command line option `charset=...'

--------------------------------------
--------------------------------------
--- Note --- to ignore CSS font decoration, use the `NoFonts' command line opti
on
--------------------------------------
--------------------------------------
--- Note --- for jpg bitmaps of pictures, use the `jpg' command line option. (C
haracter bitmaps are controled only by `g' records of tex4ht.env and `-g' switc
hes of tex4ht.c) 
--------------------------------------
--------------------------------------
--- Note --- for gif bitmaps of pictures, use the `gif' command line option. (C
haracter bitmaps are controled only by `g' records of tex4ht.env and `-g' switc
hes of tex4ht.c) 
--------------------------------------
--------------------------------------
--- Note --- for content and toc in 2 frames, use the command line option `fram
es'
--------------------------------------
--------------------------------------
--- Note --- for content, toc, and footnotes in 3 frames, use the command line 
option `frames-fn'
--------------------------------------
--------------------------------------
--- Note --- for file extension name xht, use the command line option `xht'
--------------------------------------
TeX4ht package options: html
--------------------------------------
--- Note --- for inline CSS code, use the command line option `css-in'
--------------------------------------
--------------------------------------
--- Note --- for pop ups on mouse over, use the command line option `mouseover'

--------------------------------------
--------------------------------------
--- Note --- for addressing images in a subdirectory, use the command line opti
on `imgdir:.../'
--------------------------------------
)
(/usr/local/texlive/2007/texmf-dist/tex/generic/tex4ht/html4-math.4ht
version 2007-01-02-13:00
)
\:tokwrite=\toks20
\:tokpage=\toks21
--------------------------------------
--- Note --- for back links to toc, use the command line option `sections+'
--------------------------------------
--------------------------------------
--- Note --- for linear crosslinks of pages, use the command line option `next'

--------------------------------------
\openout15 = `Lab2.4ct'.

\:tocout=\write4
\openout4 = `Lab2.4tc'.


(/usr/local/texlive/2007/texmf-dist/tex/generic/tex4ht/html4.4ht
version 2007-01-02-13:00
)
(/usr/local/texlive/2007/texmf-dist/tex/generic/tex4ht/html4-math.4ht
version 2007-01-02-13:00
)
(/usr/local/texlive/2007/texmf-dist/tex/generic/tex4ht/latex.4ht
version 2007-01-03-21:02
--------------------------------------
--- Note --- for links into captions, instead of float heads, use the command l
ine option `refcaption'
--------------------------------------

(/usr/local/texlive/2007/texmf-dist/tex/generic/tex4ht/html4.4ht
version 2007-01-02-13:00
--------------------------------------
--- Note --- for enumerated list elements li's with value attributes, use the c
ommand line option `li-'
--------------------------------------
--------------------------------------
--- Note --- for CSS2 code, use the command line option `css2'
--------------------------------------
--------------------------------------
--- Note --- for pictorial tabular, use the command line option `pic-tabular'
--------------------------------------
--------------------------------------
--- Note --- for bitmap fbox'es, use the command line option `pic-fbox'
--------------------------------------
--------------------------------------
--- Note --- for bitmap framebox'es, use the command line option `pic-framebox'

--------------------------------------
--------------------------------------
--- Note --- for inline footnotes use command line option `fn-in'
--------------------------------------
--------------------------------------
--- Note --- for a JavaHelp output format, use the command line option `javahel
p'
--------------------------------------
--------------------------------------
--- Note --- for tracing of latex font commands, use the command line option `f
onts'
--------------------------------------
--------------------------------------
--- Note --- for width specifications of tabular p entries, use the `p-width' c
ommand line option or a configuration similar to \Configure{HColWidth}{\HCode{ 
style="width:\HColWidth"}}
--------------------------------------
)
(/usr/local/texlive/2007/texmf-dist/tex/generic/tex4ht/html4-math.4ht
version 2007-01-02-13:00
--------------------------------------
--- Note --- for pictorial eqnarray, use the command line option `pic-eqnarray'

--------------------------------------
--------------------------------------
--- Note --- for pictorial array, use the command line option `pic-array'
--------------------------------------
--------------------------------------
--- Note --- for pictorial $...$ environments, use the command line option `pic
-m' (not recommended!!)
--------------------------------------
--------------------------------------
--- Note --- for pictorial $...$ and $$...$$ environments with latex alt, use t
he command line option `pic-m+' (not safe!!)
--------------------------------------
--------------------------------------
--- Note --- for pictorial array, use the command line option `pic-array'
--------------------------------------
))
(/usr/local/texlive/2007/texmf-dist/tex/generic/tex4ht/fontmath.4ht
version 2007-01-03-21:02

(/usr/local/texlive/2007/texmf-dist/tex/generic/tex4ht/html4.4ht
version 2007-01-02-13:00
)
(/usr/local/texlive/2007/texmf-dist/tex/generic/tex4ht/html4-math.4ht
version 2007-01-02-13:00
))
(/usr/local/texlive/2007/texmf-dist/tex/generic/tex4ht/article.4ht
version 2007-01-03-21:02

(/usr/local/texlive/2007/texmf-dist/tex/generic/tex4ht/html4.4ht
version 2007-01-02-13:00
--------------------------------------
--- Note --- for automatic sectioning pagination, use the command line option `
1', `2', `3', '4', '5', '6', or '7'
--------------------------------------
--------------------------------------
--- Note --- for files named derived from section titles, use the command line 
option `sec-filename'
--------------------------------------
--------------------------------------
--- Note --- for i-columns index, use the command line option `index=i' (e.g., 
index=2)
--------------------------------------
)
(/usr/local/texlive/2007/texmf-dist/tex/generic/tex4ht/html4-math.4ht
version 2007-01-02-13:00
))
(/usr/local/texlive/2007/texmf-dist/tex/generic/tex4ht/amsmath.4ht
version 2007-01-03-21:02
\tmp:muskip=\muskip11

(/usr/local/texlive/2007/texmf-dist/tex/generic/tex4ht/html4.4ht
version 2007-01-02-13:00
)
(/usr/local/texlive/2007/texmf-dist/tex/generic/tex4ht/html4-math.4ht
version 2007-01-02-13:00
))
(/usr/local/texlive/2007/texmf-dist/tex/generic/tex4ht/amstext.4ht
version 2007-01-03-21:02

(/usr/local/texlive/2007/texmf-dist/tex/generic/tex4ht/html4.4ht
version 2007-01-02-13:00
)
(/usr/local/texlive/2007/texmf-dist/tex/generic/tex4ht/html4-math.4ht
version 2007-01-02-13:00
))
(/usr/local/texlive/2007/texmf-dist/tex/generic/tex4ht/amsbsy.4ht
version 2007-01-03-21:02

(/usr/local/texlive/2007/texmf-dist/tex/generic/tex4ht/html4.4ht
version 2007-01-02-13:00
)
(/usr/local/texlive/2007/texmf-dist/tex/generic/tex4ht/html4-math.4ht
version 2007-01-02-13:00
))
(/usr/local/texlive/2007/texmf-dist/tex/generic/tex4ht/amsopn.4ht
version 2007-01-03-21:02

(/usr/local/texlive/2007/texmf-dist/tex/generic/tex4ht/html4.4ht
version 2007-01-02-13:00
)
(/usr/local/texlive/2007/texmf-dist/tex/generic/tex4ht/html4-math.4ht
version 2007-01-02-13:00
))
(/usr/local/texlive/2007/texmf-dist/tex/generic/tex4ht/html4.4ht
version 2007-01-02-13:00
)
(/usr/local/texlive/2007/texmf-dist/tex/generic/tex4ht/html4-math.4ht
version 2007-01-02-13:00
))
(./Lab2.aux)
\openout1 = `Lab2.aux'.

LaTeX Font Info:    Checking defaults for OML/cmm/m/it on input line 8.
LaTeX Font Info:    ... okay on input line 8.
LaTeX Font Info:    Checking defaults for T1/cmr/m/n on input line 8.
LaTeX Font Info:    ... okay on input line 8.
LaTeX Font Info:    Checking defaults for OT1/cmr/m/n on input line 8.
LaTeX Font Info:    ... okay on input line 8.
LaTeX Font Info:    Checking defaults for OMS/cmsy/m/n on input line 8.
LaTeX Font Info:    ... okay on input line 8.
LaTeX Font Info:    Checking defaults for OMX/cmex/m/n on input line 8.
LaTeX Font Info:    ... okay on input line 8.
LaTeX Font Info:    Checking defaults for U/cmr/m/n on input line 8.
LaTeX Font Info:    ... okay on input line 8.
--- file Lab2.css ---
 [1

] [2] (./Lab2.aux) ) 
Here is how much of TeX's memory you used:
 4476 strings out of 94074
 49041 string characters out of 1163007
 207353 words of memory out of 1500000
 7742 multiletter control sequences out of 10000+50000
 7352 words of font info for 27 fonts, out of 1200000 for 2000
 645 hyphenation exceptions out of 8191
 30i,5n,25p,683b,286s stack positions out of 5000i,500n,6000p,200000b,5000s

Output written on Lab2.dvi (2 pages, 12572 bytes).
